[debug] [2022-03-21T14:27:54.485Z] ----------------------------------------------------------------------
[debug] [2022-03-21T14:27:54.489Z] Command:       C:\Program Files\nodejs\node.exe C:\Users\chalt\AppData\Roaming\npm\node_modules\firebase-tools\lib\bin\firebase.js init
[debug] [2022-03-21T14:27:54.490Z] CLI Version:   10.4.0
[debug] [2022-03-21T14:27:54.490Z] Platform:      win32
[debug] [2022-03-21T14:27:54.490Z] Node Version:  v16.13.2
[debug] [2022-03-21T14:27:54.492Z] Time:          Mon Mar 21 2022 10:27:54 GMT-0400 (Eastern Daylight Time)
[debug] [2022-03-21T14:27:54.493Z] ----------------------------------------------------------------------
[debug] 
[debug] [2022-03-21T14:27:54.509Z] > command requires scopes: ["email","openid","https://www.googleapis.com/auth/cloudplatformprojects.readonly","https://www.googleapis.com/auth/firebase","https://www.googleapis.com/auth/cloud-platform"]
[debug] [2022-03-21T14:27:54.509Z] > authorizing via signed-in user (geletuchaltu@gmail.com)
[info] 
     ######## #### ########  ######## ########     ###     ######  ########
     ##        ##  ##     ## ##       ##     ##  ##   ##  ##       ##
     ######    ##  ########  ######   ########  #########  ######  ######
     ##        ##  ##    ##  ##       ##     ## ##     ##       ## ##
     ##       #### ##     ## ######## ########  ##     ##  ######  ########

You're about to initialize a Firebase project in this directory:

  C:\Users\chalt\Desktop\Evangadi\Amazon-clone\amazonProject\amazonproject\src

[info] 
=== Project Setup
[info] 
[info] First, let's associate this project directory with a Firebase project.
[info] You can create multiple project aliases by running firebase use --add, 
[info] but for now we'll just set up a default project.
[info] 
